2018-07-10T20:14:19.917-0700 I CONTROL  [main] Trying to install Windows service 'MongoDB'
2018-07-10T20:14:19.918-0700 I CONTROL  [main] There is already a service named 'MongoDB', sleeping and retrying
2018-07-11T05:16:30.647+0200 I CONTROL  [main] ***** SERVER RESTARTED *****
2018-07-11T05:16:31.293+0200 I CONTROL  [main] Trying to install Windows service 'MongoDB'
2018-07-11T05:16:31.294+0200 I CONTROL  [main] There is already a service named 'MongoDB', sleeping and retrying
2018-07-11T05:18:51.467+0200 I CONTROL  [main] ***** SERVER RESTARTED *****
2018-07-11T05:18:52.094+0200 I CONTROL  [initandlisten] MongoDB starting : pid=9748 port=27017 dbpath=C:/Users/Admin/Desktop/expense_tracker/data/db 64-bit host=DESKTOP-F8MGPP8
2018-07-11T05:18:52.095+0200 I CONTROL  [initandlisten] targetMinOS: Windows 7/Windows Server 2008 R2
2018-07-11T05:18:52.095+0200 I CONTROL  [initandlisten] db version v3.6.5
2018-07-11T05:18:52.095+0200 I CONTROL  [initandlisten] git version: a20ecd3e3a174162052ff99913bc2ca9a839d618
2018-07-11T05:18:52.095+0200 I CONTROL  [initandlisten] OpenSSL version: OpenSSL 1.0.2o-fips  27 Mar 2018
2018-07-11T05:18:52.095+0200 I CONTROL  [initandlisten] allocator: tcmalloc
2018-07-11T05:18:52.095+0200 I CONTROL  [initandlisten] modules: none
2018-07-11T05:18:52.095+0200 I CONTROL  [initandlisten] build environment:
2018-07-11T05:18:52.095+0200 I CONTROL  [initandlisten]     distmod: 2008plus-ssl
2018-07-11T05:18:52.095+0200 I CONTROL  [initandlisten]     distarch: x86_64
2018-07-11T05:18:52.095+0200 I CONTROL  [initandlisten]     target_arch: x86_64
2018-07-11T05:18:52.095+0200 I CONTROL  [initandlisten] options: { config: "C:\Users\Admin\Desktop\expense_tracker\data\mongod.conf", net: { bindIp: "127.0.0.1", port: 27017 }, storage: { dbPath: "C:/Users/Admin/Desktop/expense_tracker/data/db", journal: { enabled: true } }, systemLog: { destination: "file", logAppend: true, path: "C:/Users/Admin/Desktop/expense_tracker/data/log/mongod.log" } }
2018-07-11T05:18:52.099+0200 I STORAGE  [initandlisten] wiredtiger_open config: create,cache_size=3478M,session_max=20000,eviction=(threads_min=4,threads_max=4),config_base=false,statistics=(fast),cache_cursors=false,log=(enabled=true,archive=true,path=journal,compressor=snappy),file_manager=(close_idle_time=100000),statistics_log=(wait=0),verbose=(recovery_progress),
2018-07-11T05:18:52.300+0200 I STORAGE  [initandlisten] WiredTiger message [1531279132:299731][9748:140715147541584], txn-recover: Set global recovery timestamp: 0
2018-07-11T05:18:52.730+0200 I CONTROL  [initandlisten] 
2018-07-11T05:18:52.730+0200 I CONTROL  [initandlisten] ** WARNING: Access control is not enabled for the database.
2018-07-11T05:18:52.730+0200 I CONTROL  [initandlisten] **          Read and write access to data and configuration is unrestricted.
2018-07-11T05:18:52.730+0200 I CONTROL  [initandlisten] 
2018-07-11T05:18:52.730+0200 I CONTROL  [initandlisten] 
2018-07-11T05:18:52.730+0200 I CONTROL  [initandlisten] ** WARNING: The file system cache of this machine is configured to be greater than 40% of the total memory. This can lead to increased memory pressure and poor performance.
2018-07-11T05:18:52.730+0200 I CONTROL  [initandlisten] See http://dochub.mongodb.org/core/wt-windows-system-file-cache
2018-07-11T05:18:52.730+0200 I CONTROL  [initandlisten] 
2018-07-11T05:18:52.731+0200 I STORAGE  [initandlisten] createCollection: admin.system.version with provided UUID: f838c0af-2342-4b02-a9e3-04c372d5391e
2018-07-11T05:18:52.922+0200 I COMMAND  [initandlisten] setting featureCompatibilityVersion to 3.6
2018-07-11T05:18:52.930+0200 I STORAGE  [initandlisten] createCollection: local.startup_log with generated UUID: 6222cb0e-07ca-4cd0-91b9-46555e4319e0
2018-07-11T05:18:53.504+0200 I FTDC     [initandlisten] Initializing full-time diagnostic data capture with directory 'C:/Users/Admin/Desktop/expense_tracker/data/db/diagnostic.data'
2018-07-11T05:18:53.505+0200 I NETWORK  [initandlisten] waiting for connections on port 27017
2018-07-11T05:19:21.367+0200 I CONTROL  [thread1] Ctrl-C signal
2018-07-11T05:19:21.367+0200 I CONTROL  [consoleTerminate] got CTRL_C_EVENT, will terminate after current cmd ends
2018-07-11T05:19:21.367+0200 I NETWORK  [consoleTerminate] shutdown: going to close listening sockets...
2018-07-11T05:19:21.368+0200 I FTDC     [consoleTerminate] Shutting down full-time diagnostic data capture
2018-07-11T05:19:21.373+0200 I STORAGE  [consoleTerminate] WiredTigerKVEngine shutting down
2018-07-11T05:19:21.828+0200 I STORAGE  [consoleTerminate] shutdown: removing fs lock...
2018-07-11T05:19:21.830+0200 I CONTROL  [consoleTerminate] now exiting
2018-07-11T05:19:21.830+0200 I CONTROL  [consoleTerminate] shutting down with code:12
2018-07-11T05:19:48.515+0200 I CONTROL  [main] ***** SERVER RESTARTED *****
2018-07-11T05:19:49.134+0200 I CONTROL  [initandlisten] MongoDB starting : pid=3520 port=27017 dbpath=C:/Users/Admin/Desktop/expense_tracker/data/db 64-bit host=DESKTOP-F8MGPP8
2018-07-11T05:19:49.134+0200 I CONTROL  [initandlisten] targetMinOS: Windows 7/Windows Server 2008 R2
2018-07-11T05:19:49.134+0200 I CONTROL  [initandlisten] db version v3.6.5
2018-07-11T05:19:49.134+0200 I CONTROL  [initandlisten] git version: a20ecd3e3a174162052ff99913bc2ca9a839d618
2018-07-11T05:19:49.134+0200 I CONTROL  [initandlisten] OpenSSL version: OpenSSL 1.0.2o-fips  27 Mar 2018
2018-07-11T05:19:49.134+0200 I CONTROL  [initandlisten] allocator: tcmalloc
2018-07-11T05:19:49.134+0200 I CONTROL  [initandlisten] modules: none
2018-07-11T05:19:49.134+0200 I CONTROL  [initandlisten] build environment:
2018-07-11T05:19:49.134+0200 I CONTROL  [initandlisten]     distmod: 2008plus-ssl
2018-07-11T05:19:49.134+0200 I CONTROL  [initandlisten]     distarch: x86_64
2018-07-11T05:19:49.134+0200 I CONTROL  [initandlisten]     target_arch: x86_64
2018-07-11T05:19:49.134+0200 I CONTROL  [initandlisten] options: { config: "C:/Users/Admin/Desktop/expense_tracker/data/mongod.conf", net: { bindIp: "127.0.0.1", port: 27017 }, storage: { dbPath: "C:/Users/Admin/Desktop/expense_tracker/data/db", journal: { enabled: true } }, systemLog: { destination: "file", logAppend: true, path: "C:/Users/Admin/Desktop/expense_tracker/data/log/mongod.log" } }
2018-07-11T05:19:49.136+0200 I -        [initandlisten] Detected data files in C:/Users/Admin/Desktop/expense_tracker/data/db created by the 'wiredTiger' storage engine, so setting the active storage engine to 'wiredTiger'.
2018-07-11T05:19:49.137+0200 I STORAGE  [initandlisten] wiredtiger_open config: create,cache_size=3478M,session_max=20000,eviction=(threads_min=4,threads_max=4),config_base=false,statistics=(fast),cache_cursors=false,log=(enabled=true,archive=true,path=journal,compressor=snappy),file_manager=(close_idle_time=100000),statistics_log=(wait=0),verbose=(recovery_progress),
2018-07-11T05:19:49.569+0200 I STORAGE  [initandlisten] WiredTiger message [1531279189:569101][3520:140715147541584], txn-recover: Main recovery loop: starting at 1/13568
2018-07-11T05:19:49.824+0200 I STORAGE  [initandlisten] WiredTiger message [1531279189:824018][3520:140715147541584], txn-recover: Recovering log 1 through 2
2018-07-11T05:19:50.026+0200 I STORAGE  [initandlisten] WiredTiger message [1531279190:25988][3520:140715147541584], txn-recover: Recovering log 2 through 2
2018-07-11T05:19:50.149+0200 I STORAGE  [initandlisten] WiredTiger message [1531279190:148980][3520:140715147541584], txn-recover: Set global recovery timestamp: 0
2018-07-11T05:19:50.471+0200 I CONTROL  [initandlisten] 
2018-07-11T05:19:50.472+0200 I CONTROL  [initandlisten] ** WARNING: Access control is not enabled for the database.
2018-07-11T05:19:50.472+0200 I CONTROL  [initandlisten] **          Read and write access to data and configuration is unrestricted.
2018-07-11T05:19:50.472+0200 I CONTROL  [initandlisten] 
2018-07-11T05:19:50.472+0200 I CONTROL  [initandlisten] 
2018-07-11T05:19:50.472+0200 I CONTROL  [initandlisten] ** WARNING: The file system cache of this machine is configured to be greater than 40% of the total memory. This can lead to increased memory pressure and poor performance.
2018-07-11T05:19:50.472+0200 I CONTROL  [initandlisten] See http://dochub.mongodb.org/core/wt-windows-system-file-cache
2018-07-11T05:19:50.472+0200 I CONTROL  [initandlisten] 
2018-07-11T05:19:50.851+0200 I FTDC     [initandlisten] Initializing full-time diagnostic data capture with directory 'C:/Users/Admin/Desktop/expense_tracker/data/db/diagnostic.data'
2018-07-11T05:19:50.853+0200 I NETWORK  [initandlisten] waiting for connections on port 27017
2018-07-11T05:20:59.521+0200 I CONTROL  [thread1] Ctrl-C signal
2018-07-11T05:20:59.521+0200 I CONTROL  [consoleTerminate] got CTRL_C_EVENT, will terminate after current cmd ends
2018-07-11T05:20:59.521+0200 I NETWORK  [consoleTerminate] shutdown: going to close listening sockets...
2018-07-11T05:20:59.521+0200 I FTDC     [consoleTerminate] Shutting down full-time diagnostic data capture
2018-07-11T05:20:59.527+0200 I STORAGE  [consoleTerminate] WiredTigerKVEngine shutting down
2018-07-11T05:20:59.866+0200 I STORAGE  [consoleTerminate] shutdown: removing fs lock...
2018-07-11T05:20:59.868+0200 I CONTROL  [consoleTerminate] now exiting
2018-07-11T05:20:59.868+0200 I CONTROL  [consoleTerminate] shutting down with code:12
2018-07-11T05:21:22.786+0200 I CONTROL  [main] ***** SERVER RESTARTED *****
2018-07-11T05:21:23.428+0200 I CONTROL  [main] Trying to install Windows service 'MongoDB'
2018-07-11T05:21:23.428+0200 I CONTROL  [main] There is already a service named 'MongoDB', sleeping and retrying
2018-07-11T05:29:11.885+0200 I CONTROL  [main] ***** SERVER RESTARTED *****
2018-07-11T05:29:12.516+0200 I CONTROL  [main] Trying to install Windows service 'MongoDB'
2018-07-11T05:29:12.516+0200 I CONTROL  [main] There is already a service named 'MongoDB', sleeping and retrying
